<?xml version="1.0" encoding="utf-8"?><testsuites name="pytest tests"><testsuite name="pytest" errors="0" failures="0" skipped="0" tests="14" time="2.133" timestamp="2026-02-14T09:20:11.673898+00:00" hostname="agent-env-0495c72b-e281-48d7-82c1-587c77a34b83"><testcase classname="backend.tests.test_referral_multiplier.TestPublicAPIs" name="test_referral_settings_endpoint" time="0.300" /><testcase classname="backend.tests.test_referral_multiplier.TestPublicAPIs" name="test_active_multiplier_endpoint" time="0.157" /><testcase classname="backend.tests.test_referral_multiplier.TestPublicAPIs" name="test_daily_reward_settings_endpoint" time="0.113" /><testcase classname="backend.tests.test_referral_multiplier.TestAdminAuth" name="test_admin_login_success" time="0.107" /><testcase classname="backend.tests.test_referral_multiplier.TestAdminAuth" name="test_admin_login_invalid_credentials" time="0.106" /><testcase classname="backend.tests.test_referral_multiplier.TestAdminProtectedAPIs" name="test_get_multiplier_events" time="0.209" /><testcase classname="backend.tests.test_referral_multiplier.TestAdminProtectedAPIs" name="test_get_all_referrals" time="0.211" /><testcase classname="backend.tests.test_referral_multiplier.TestAdminProtectedAPIs" name="test_auth_me_endpoint" time="0.202" /><testcase classname="backend.tests.test_referral_multiplier.TestDailyRewardFlow" name="test_daily_reward_status_without_email" time="0.102" /><testcase classname="backend.tests.test_referral_multiplier.TestDailyRewardFlow" name="test_daily_reward_status_with_email" time="0.107" /><testcase classname="backend.tests.test_referral_multiplier.TestReferralCodeFlow" name="test_get_referral_code_without_customer" time="0.107" /><testcase classname="backend.tests.test_referral_multiplier.TestHealthAndBasics" name="test_api_health" time="0.100" /><testcase classname="backend.tests.test_referral_multiplier.TestHealthAndBasics" name="test_categories_endpoint" time="0.099" /><testcase classname="backend.tests.test_referral_multiplier.TestHealthAndBasics" name="test_products_endpoint" time="0.146" /></testsuite></testsuites>